{
  "RSpec": {
    "coverage": {
      "C:/Users/HP POWER/Desktop/IngeSoft-RUBY/PROY/proy v2/proy-BM/spec/bomba_spec.rb": {
        "lines": [
          1,
          null,
          1,
          3,
          null,
          1,
          1,
          1,
          null,
          null,
          1,
          1,
          1,
          null,
          null,
          null
        ]
      },
      "C:/Users/HP POWER/Desktop/IngeSoft-RUBY/PROY/proy v2/proy-BM/lib/bomba.rb": {
        "lines": [
          1,
          1,
          2,
          null,
          null,
          1,
          2,
          null,
          null
        ]
      },
      "C:/Users/HP POWER/Desktop/IngeSoft-RUBY/PROY/proy v2/proy-BM/spec/buscaminas_spec.rb": {
        "lines": [
          1,
          null,
          1,
          null,
          null,
          null
        ]
      },
      "C:/Users/HP POWER/Desktop/IngeSoft-RUBY/PROY/proy v2/proy-BM/lib/buscaminas.rb": {
        "lines": [
          1,
          null,
          null
        ]
      }
    },
    "timestamp": 1605928694
  },
  "Cucumber Features": {
    "coverage": {
      "C:/Users/HP/Documents/BuscaMinasInge/app.rb": {
        "lines": [
          1,
          1,
          1,
          null,
          1,
          0,
          null,
          1,
          0,
          null,
          1,
          0,
          0,
          0,
          null
        ]
      },
      "C:/Users/HP/Documents/BuscaMinasInge/config.rb": {
        "lines": [
          null,
          1,
          null,
          1,
          1,
          1,
          null,
          null,
          1,
          1,
          1
        ]
      },
      "C:/Users/HP/Documents/BuscaMinasInge/lib/buscaminas.rb": {
        "lines": [
          1,
          null,
          1,
          0,
          0,
          0,
          null,
          null,
          1,
          0,
          0,
          null,
          null,
          1,
          0,
          null,
          null,
          1,
          0,
          0,
          0,
          0,
          0,
          0,
          0,
          null,
          0,
          null,
          0,
          null,
          null,
          1,
          0,
          null,
          null,
          null
        ]
      }
    },
    "timestamp": 1605916737
  }
}
