{
  "RSpec": {
    "coverage": {
      "C:/Users/HP POWER/Desktop/IngeSoft-RUBY/pp/fina/proy-BM/spec/buscaminas_spec.rb": {
        "lines": [
          1,
          1,
          null,
          1,
          null,
          1,
          1,
          1,
          1,
          null,
          null,
          1,
          1,
          1,
          null,
          null,
          1,
          1,
          1,
          null,
          null,
          1,
          1,
          1,
          null,
          null,
          1,
          1,
          1,
          null,
          null,
          1,
          1,
          1,
          1,
          null,
          null,
          1,
          1,
          1,
          null,
          null,
          1,
          1,
          1,
          1,
          1,
          null,
          null,
          1,
          1,
          1,
          1,
          1,
          null,
          null,
          1,
          1,
          1,
          1,
          1,
          null,
          null,
          1,
          1,
          1,
          1,
          1,
          1,
          null,
          null,
          1,
          1,
          1,
          1,
          1,
          1,
          1,
          null,
          null,
          null,
          null,
          null,
          null,
          null,
          null,
          null,
          null,
          null,
          null,
          null,
          null,
          null,
          null,
          null,
          null,
          null,
          null,
          null,
          null,
          null,
          null,
          null,
          null,
          null,
          null,
          null,
          null,
          null,
          null,
          null,
          null
        ]
      },
      "C:/Users/HP POWER/Desktop/IngeSoft-RUBY/pp/fina/proy-BM/lib/tablero.rb": {
        "lines": [
          1,
          null,
          1,
          12,
          12,
          12,
          12,
          12,
          12,
          12,
          12,
          12,
          209,
          209,
          209,
          12,
          40,
          157,
          null,
          null,
          null,
          null,
          1,
          1,
          null,
          null,
          1,
          1,
          null,
          null,
          1,
          1,
          null,
          null,
          1,
          2,
          null,
          null,
          1,
          1,
          null,
          null,
          1,
          12,
          0,
          null,
          12,
          11,
          11,
          11,
          11,
          11,
          null,
          0,
          null,
          null,
          1,
          null,
          null,
          null,
          null,
          1,
          4,
          4,
          12,
          36,
          21,
          5,
          null,
          null,
          null,
          null,
          4,
          null,
          null,
          1,
          1,
          2,
          4,
          3,
          null,
          null,
          null,
          null,
          null,
          1,
          5,
          5,
          1,
          null,
          4,
          4,
          4,
          4,
          null,
          0,
          null,
          null,
          null,
          0,
          null,
          null,
          null,
          1,
          2,
          1,
          null,
          1,
          null,
          null,
          null,
          null
        ]
      },
      "C:/Users/HP POWER/Desktop/IngeSoft-RUBY/pp/fina/proy-BM/lib/mina.rb": {
        "lines": [
          1,
          null,
          1,
          5,
          5,
          null,
          null,
          1,
          3,
          null,
          null,
          1,
          2,
          null,
          null,
          1,
          1,
          null,
          1,
          1,
          null,
          null
        ]
      },
      "C:/Users/HP POWER/Desktop/IngeSoft-RUBY/pp/fina/proy-BM/spec/mina_spec.rb": {
        "lines": [
          1,
          null,
          1,
          6,
          null,
          1,
          null,
          1,
          null,
          null,
          1,
          1,
          1,
          null,
          null,
          1,
          1,
          1,
          null,
          null,
          1,
          null,
          1,
          null,
          1,
          null,
          1,
          null,
          null,
          null
        ]
      }
    },
    "timestamp": 1606784984
  },
  "Cucumber Features": {
    "coverage": {
      "C:/Users/HP POWER/Desktop/IngeSoft-RUBY/PROY/proy v2/proy-BM/app.rb": {
        "lines": [
          1,
          1,
          1,
          null,
          1,
          0,
          null,
          1,
          0,
          null,
          1,
          0,
          0,
          0,
          null
        ]
      },
      "C:/Users/HP POWER/Desktop/IngeSoft-RUBY/PROY/proy v2/proy-BM/config.rb": {
        "lines": [
          null,
          1,
          null,
          1,
          1,
          1,
          null,
          null,
          1,
          1,
          1
        ]
      },
      "C:/Users/HP POWER/Desktop/IngeSoft-RUBY/PROY/proy v2/proy-BM/lib/buscaminas.rb": {
        "lines": [
          1,
          null,
          null
        ]
      }
    },
    "timestamp": 1605970905
  }
}
